<?xml version="1.0" encoding="UTF-8"?>
<!-- Generated by org.testng.reporters.JUnitReportReporter -->
<testsuite hostname="DESKTOP-9G792OO" failures="0" tests="1" name="TestCaseExceution.testcase_exe_catagory" time="8.805" errors="0" timestamp="27 Mar 2019 03:01:52 GMT" skipped="0">
  <testcase classname="TestCaseExceution.testcase_exe_catagory" name="month" time="8.805"/>
</testsuite> <!-- TestCaseExceution.testcase_exe_catagory -->
